<?xml version="1.0" encoding="UTF-8"?>
<!-- Generated by org.testng.reporters.JUnitXMLReporter -->
<testsuite ignored="122" hostname="QUASPC1210" failures="0" tests="1" name="Test" time="39.936" errors="0" timestamp="2022-02-11T11:15:16 IST">
  <testcase classname="Geo_Portal.Geoportal" name="NATMO_Geoportal_75" time="11.141"/>
  <testcase classname="Geo_Portal.Geoportal" name="NATMO_Geoportal_33" time="0.0">
    <ignored/>
  </testcase> <!-- NATMO_Geoportal_33 -->
  <testcase classname="Geo_Portal.Geoportal" name="NATMO_Geoportal_31" time="0.0">
    <ignored/>
  </testcase> <!-- NATMO_Geoportal_31 -->
  <testcase classname="Geo_Portal.Geoportal" name="NATMO_Geoportal_34" time="0.0">
    <ignored/>
  </testcase> <!-- NATMO_Geoportal_34 -->
  <testcase classname="Geo_Portal.Geoportal" name="NATMO_Geoportal_32" time="0.0">
    <ignored/>
  </testcase> <!-- NATMO_Geoportal_32 -->
  <testcase classname="Geo_Portal.Geoportal" name="NATMO_Geoportal_30" time="0.0">
    <ignored/>
  </testcase> <!-- NATMO_Geoportal_30 -->
  <testcase classname="Geo_Portal.Geoportal" name="NATMO_Geoportal_28" time="0.0">
    <ignored/>
  </testcase> <!-- NATMO_Geoportal_28 -->
  <testcase classname="Geo_Portal.Geoportal" name="NATMO_Geoportal_26" time="0.0">
    <ignored/>
  </testcase> <!-- NATMO_Geoportal_26 -->
  <testcase classname="Geo_Portal.Geoportal" name="NATMO_Geoportal_29" time="0.0">
    <ignored/>
  </testcase> <!-- NATMO_Geoportal_29 -->
  <testcase classname="Geo_Portal.Geoportal" name="NATMO_Geoportal_24" time="0.0">
    <ignored/>
  </testcase> <!-- NATMO_Geoportal_24 -->
  <testcase classname="Geo_Portal.Geoportal" name="NATMO_Geoportal_27" time="0.0">
    <ignored/>
  </testcase> <!-- NATMO_Geoportal_27 -->
  <testcase classname="Geo_Portal.Geoportal" name="NATMO_Geoportal_25" time="0.0">
    <ignored/>
  </testcase> <!-- NATMO_Geoportal_25 -->
  <testcase classname="Geo_Portal.Geoportal" name="NATMO_Geoportal_66" time="0.0">
    <ignored/>
  </testcase> <!-- NATMO_Geoportal_66 -->
  <testcase classname="Geo_Portal.Geoportal" name="NATMO_Geoportal_64" time="0.0">
    <ignored/>
  </testcase> <!-- NATMO_Geoportal_64 -->
  <testcase classname="Geo_Portal.Geoportal" name="NATMO_Geoportal_67" time="0.0">
    <ignored/>
  </testcase> <!-- NATMO_Geoportal_67 -->
  <testcase classname="Geo_Portal.Geoportal" name="NATMO_Geoportal_62" time="0.0">
    <ignored/>
  </testcase> <!-- NATMO_Geoportal_62 -->
  <testcase classname="Geo_Portal.Geoportal" name="NATMO_Geoportal_65" time="0.0">
    <ignored/>
  </testcase> <!-- NATMO_Geoportal_65 -->
  <testcase classname="Geo_Portal.Geoportal" name="NATMO_Geoportal_60" time="0.0">
    <ignored/>
  </testcase> <!-- NATMO_Geoportal_60 -->
  <testcase classname="Geo_Portal.Geoportal" name="NATMO_Geoportal_63" time="0.0">
    <ignored/>
  </testcase> <!-- NATMO_Geoportal_63 -->
  <testcase classname="Geo_Portal.Geoportal" name="NATMO_Geoportal_61" time="0.0">
    <ignored/>
  </testcase> <!-- NATMO_Geoportal_61 -->
  <testcase classname="Geo_Portal.Geoportal" name="NATMO_Geoportal_59" time="0.0">
    <ignored/>
  </testcase> <!-- NATMO_Geoportal_59 -->
  <testcase classname="Geo_Portal.Geoportal" name="NATMO_Geoportal_57" time="0.0">
    <ignored/>
  </testcase> <!-- NATMO_Geoportal_57 -->
  <testcase classname="Geo_Portal.Geoportal" name="NATMO_Geoportal_58" time="0.0">
    <ignored/>
  </testcase> <!-- NATMO_Geoportal_58 -->
  <testcase classname="Geo_Portal.Geoportal" name="NATMO_Geoportal_91" time="0.0">
    <ignored/>
  </testcase> <!-- NATMO_Geoportal_91 -->
  <testcase classname="Geo_Portal.Geoportal" name="NATMO_Geoportal_92" time="0.0">
    <ignored/>
  </testcase> <!-- NATMO_Geoportal_92 -->
  <testcase classname="Geo_Portal.Geoportal" name="NATMO_Geoportal_90" time="0.0">
    <ignored/>
  </testcase> <!-- NATMO_Geoportal_90 -->
  <testcase classname="Geo_Portal.Geoportal" name="NATMO_Geoportal_99" time="0.0">
    <ignored/>
  </testcase> <!-- NATMO_Geoportal_99 -->
  <testcase classname="Geo_Portal.Geoportal" name="NATMO_Geoportal_11" time="0.0">
    <ignored/>
  </testcase> <!-- NATMO_Geoportal_11 -->
  <testcase classname="Geo_Portal.Geoportal" name="NATMO_Geoportal_97" time="0.0">
    <ignored/>
  </testcase> <!-- NATMO_Geoportal_97 -->
  <testcase classname="Geo_Portal.Geoportal" name="NATMO_Geoportal_12" time="0.0">
    <ignored/>
  </testcase> <!-- NATMO_Geoportal_12 -->
  <testcase classname="Geo_Portal.Geoportal" name="NATMO_Geoportal_95" time="0.0">
    <ignored/>
  </testcase> <!-- NATMO_Geoportal_95 -->
  <testcase classname="Geo_Portal.Geoportal" name="NATMO_Geoportal_98" time="0.0">
    <ignored/>
  </testcase> <!-- NATMO_Geoportal_98 -->
  <testcase classname="Geo_Portal.Geoportal" name="NATMO_Geoportal_10" time="0.0">
    <ignored/>
  </testcase> <!-- NATMO_Geoportal_10 -->
  <testcase classname="Geo_Portal.Geoportal" name="NATMO_Geoportal_93" time="0.0">
    <ignored/>
  </testcase> <!-- NATMO_Geoportal_93 -->
  <testcase classname="Geo_Portal.Geoportal" name="NATMO_Geoportal_96" time="0.0">
    <ignored/>
  </testcase> <!-- NATMO_Geoportal_96 -->
  <testcase classname="Geo_Portal.Geoportal" name="NATMO_Geoportal_08" time="0.0">
    <ignored/>
  </testcase> <!-- NATMO_Geoportal_08 -->
  <testcase classname="Geo_Portal.Geoportal" name="NATMO_Geoportal_94" time="0.0">
    <ignored/>
  </testcase> <!-- NATMO_Geoportal_94 -->
  <testcase classname="Geo_Portal.Geoportal" name="NATMO_Geoportal_06" time="0.0">
    <ignored/>
  </testcase> <!-- NATMO_Geoportal_06 -->
  <testcase classname="Geo_Portal.Geoportal" name="NATMO_Geoportal_09" time="0.0">
    <ignored/>
  </testcase> <!-- NATMO_Geoportal_09 -->
  <testcase classname="Geo_Portal.Geoportal" name="NATMO_Geoportal_04" time="0.0">
    <ignored/>
  </testcase> <!-- NATMO_Geoportal_04 -->
  <testcase classname="Geo_Portal.Geoportal" name="NATMO_Geoportal_07" time="0.0">
    <ignored/>
  </testcase> <!-- NATMO_Geoportal_07 -->
  <testcase classname="Geo_Portal.Geoportal" name="NATMO_Geoportal_02" time="0.0">
    <ignored/>
  </testcase> <!-- NATMO_Geoportal_02 -->
  <testcase classname="Geo_Portal.Geoportal" name="NATMO_Geoportal_05" time="0.0">
    <ignored/>
  </testcase> <!-- NATMO_Geoportal_05 -->
  <testcase classname="Geo_Portal.Geoportal" name="NATMO_Geoportal_03" time="0.0">
    <ignored/>
  </testcase> <!-- NATMO_Geoportal_03 -->
  <testcase classname="Geo_Portal.Geoportal" name="NATMO_Geoportal_44" time="0.0">
    <ignored/>
  </testcase> <!-- NATMO_Geoportal_44 -->
  <testcase classname="Geo_Portal.Geoportal" name="NATMO_Geoportal_106" time="0.0">
    <ignored/>
  </testcase> <!-- NATMO_Geoportal_106 -->
  <testcase classname="Geo_Portal.Geoportal" name="NATMO_Geoportal_42" time="0.0">
    <ignored/>
  </testcase> <!-- NATMO_Geoportal_42 -->
  <testcase classname="Geo_Portal.Geoportal" name="NATMO_Geoportal_45" time="0.0">
    <ignored/>
  </testcase> <!-- NATMO_Geoportal_45 -->
  <testcase classname="Geo_Portal.Geoportal" name="NATMO_Geoportal_40" time="0.0">
    <ignored/>
  </testcase> <!-- NATMO_Geoportal_40 -->
  <testcase classname="Geo_Portal.Geoportal" name="NATMO_Geoportal_43" time="0.0">
    <ignored/>
  </testcase> <!-- NATMO_Geoportal_43 -->
  <testcase classname="Geo_Portal.Geoportal" name="NATMO_Geoportal_41" time="0.0">
    <ignored/>
  </testcase> <!-- NATMO_Geoportal_41 -->
  <testcase classname="Geo_Portal.Geoportal" name="NATMO_Geoportal_109" time="0.0">
    <ignored/>
  </testcase> <!-- NATMO_Geoportal_109 -->
  <testcase classname="Geo_Portal.Geoportal" name="NATMO_Geoportal_39" time="0.0">
    <ignored/>
  </testcase> <!-- NATMO_Geoportal_39 -->
  <testcase classname="Geo_Portal.Geoportal" name="NATMO_Geoportal_107" time="0.0">
    <ignored/>
  </testcase> <!-- NATMO_Geoportal_107 -->
  <testcase classname="Geo_Portal.Geoportal" name="NATMO_Geoportal_37" time="0.0">
    <ignored/>
  </testcase> <!-- NATMO_Geoportal_37 -->
  <testcase classname="Geo_Portal.Geoportal" name="NATMO_Geoportal_105" time="0.0">
    <ignored/>
  </testcase> <!-- NATMO_Geoportal_105 -->
  <testcase classname="Geo_Portal.Geoportal" name="NATMO_Geoportal_35" time="0.0">
    <ignored/>
  </testcase> <!-- NATMO_Geoportal_35 -->
  <testcase classname="Geo_Portal.Geoportal" name="NATMO_Geoportal_108" time="0.0">
    <ignored/>
  </testcase> <!-- NATMO_Geoportal_108 -->
  <testcase classname="Geo_Portal.Geoportal" name="NATMO_Geoportal_38" time="0.0">
    <ignored/>
  </testcase> <!-- NATMO_Geoportal_38 -->
  <testcase classname="Geo_Portal.Geoportal" name="NATMO_Geoportal_103" time="0.0">
    <ignored/>
  </testcase> <!-- NATMO_Geoportal_103 -->
  <testcase classname="Geo_Portal.Geoportal" name="NATMO_Geoportal_36" time="0.0">
    <ignored/>
  </testcase> <!-- NATMO_Geoportal_36 -->
  <testcase classname="Geo_Portal.Geoportal" name="NATMO_Geoportal_101" time="0.0">
    <ignored/>
  </testcase> <!-- NATMO_Geoportal_101 -->
  <testcase classname="Geo_Portal.Geoportal" name="NATMO_Geoportal_104" time="0.0">
    <ignored/>
  </testcase> <!-- NATMO_Geoportal_104 -->
  <testcase classname="Geo_Portal.Geoportal" name="NATMO_Geoportal_102" time="0.0">
    <ignored/>
  </testcase> <!-- NATMO_Geoportal_102 -->
  <testcase classname="Geo_Portal.Geoportal" name="NATMO_Geoportal_100" time="0.0">
    <ignored/>
  </testcase> <!-- NATMO_Geoportal_100 -->
  <testcase classname="Geo_Portal.Geoportal" name="NATMO_Geoportal_70" time="0.0">
    <ignored/>
  </testcase> <!-- NATMO_Geoportal_70 -->
  <testcase classname="Geo_Portal.Geoportal" name="NATMO_Geoportal_77" time="0.0">
    <ignored/>
  </testcase> <!-- NATMO_Geoportal_77 -->
  <testcase classname="Geo_Portal.Geoportal" name="NATMO_Geoportal_78" time="0.0">
    <ignored/>
  </testcase> <!-- NATMO_Geoportal_78 -->
  <testcase classname="Geo_Portal.Geoportal" name="NATMO_Geoportal_73" time="0.0">
    <ignored/>
  </testcase> <!-- NATMO_Geoportal_73 -->
  <testcase classname="Geo_Portal.Geoportal" name="NATMO_Geoportal_76" time="0.0">
    <ignored/>
  </testcase> <!-- NATMO_Geoportal_76 -->
  <testcase classname="Geo_Portal.Geoportal" name="NATMO_Geoportal_71" time="0.0">
    <ignored/>
  </testcase> <!-- NATMO_Geoportal_71 -->
  <testcase classname="Geo_Portal.Geoportal" name="NATMO_Geoportal_74" time="0.0">
    <ignored/>
  </testcase> <!-- NATMO_Geoportal_74 -->
  <testcase classname="Geo_Portal.Geoportal" name="NATMO_Geoportal_72" time="0.0">
    <ignored/>
  </testcase> <!-- NATMO_Geoportal_72 -->
  <testcase classname="Geo_Portal.Geoportal" name="NATMO_Geoportal_68" time="0.0">
    <ignored/>
  </testcase> <!-- NATMO_Geoportal_68 -->
  <testcase classname="Geo_Portal.Geoportal" name="NATMO_Geoportal_69" time="0.0">
    <ignored/>
  </testcase> <!-- NATMO_Geoportal_69 -->
  <testcase classname="Geo_Portal.Geoportal" name="NATMO_Geoportal_22" time="0.0">
    <ignored/>
  </testcase> <!-- NATMO_Geoportal_22 -->
  <testcase classname="Geo_Portal.Geoportal" name="NATMO_Geoportal_20" time="0.0">
    <ignored/>
  </testcase> <!-- NATMO_Geoportal_20 -->
  <testcase classname="Geo_Portal.Geoportal" name="NATMO_Geoportal_23" time="0.0">
    <ignored/>
  </testcase> <!-- NATMO_Geoportal_23 -->
  <testcase classname="Geo_Portal.Geoportal" name="NATMO_Geoportal_21" time="0.0">
    <ignored/>
  </testcase> <!-- NATMO_Geoportal_21 -->
  <testcase classname="Geo_Portal.Geoportal" name="NATMO_Geoportal_120" time="0.0">
    <ignored/>
  </testcase> <!-- NATMO_Geoportal_120 -->
  <testcase classname="Geo_Portal.Geoportal" name="NATMO_Geoportal_17" time="0.0">
    <ignored/>
  </testcase> <!-- NATMO_Geoportal_17 -->
  <testcase classname="Geo_Portal.Geoportal" name="NATMO_Geoportal_15" time="0.0">
    <ignored/>
  </testcase> <!-- NATMO_Geoportal_15 -->
  <testcase classname="Geo_Portal.Geoportal" name="NATMO_Geoportal_18" time="0.0">
    <ignored/>
  </testcase> <!-- NATMO_Geoportal_18 -->
  <testcase classname="Geo_Portal.Geoportal" name="NATMO_Geoportal_13" time="0.0">
    <ignored/>
  </testcase> <!-- NATMO_Geoportal_13 -->
  <testcase classname="Geo_Portal.Geoportal" name="NATMO_Geoportal_16" time="0.0">
    <ignored/>
  </testcase> <!-- NATMO_Geoportal_16 -->
  <testcase classname="Geo_Portal.Geoportal" name="NATMO_Geoportal_125" time="0.0">
    <ignored/>
  </testcase> <!-- NATMO_Geoportal_125 -->
  <testcase classname="Geo_Portal.Geoportal" name="NATMO_Geoportal_14" time="0.0">
    <ignored/>
  </testcase> <!-- NATMO_Geoportal_14 -->
  <testcase classname="Geo_Portal.Geoportal" name="NATMO_Geoportal_123" time="0.0">
    <ignored/>
  </testcase> <!-- NATMO_Geoportal_123 -->
  <testcase classname="Geo_Portal.Geoportal" name="NATMO_Geoportal_126" time="0.0">
    <ignored/>
  </testcase> <!-- NATMO_Geoportal_126 -->
  <testcase classname="Geo_Portal.Geoportal" name="NATMO_Geoportal_121" time="0.0">
    <ignored/>
  </testcase> <!-- NATMO_Geoportal_121 -->
  <testcase classname="Geo_Portal.Geoportal" name="NATMO_Geoportal_124" time="0.0">
    <ignored/>
  </testcase> <!-- NATMO_Geoportal_124 -->
  <testcase classname="Geo_Portal.Geoportal" name="NATMO_Geoportal_122" time="0.0">
    <ignored/>
  </testcase> <!-- NATMO_Geoportal_122 -->
  <testcase classname="Geo_Portal.Geoportal" name="NATMO_Geoportal_55" time="0.0">
    <ignored/>
  </testcase> <!-- NATMO_Geoportal_55 -->
  <testcase classname="Geo_Portal.Geoportal" name="NATMO_Geoportal_117" time="0.0">
    <ignored/>
  </testcase> <!-- NATMO_Geoportal_117 -->
  <testcase classname="Geo_Portal.Geoportal" name="NATMO_Geoportal_53" time="0.0">
    <ignored/>
  </testcase> <!-- NATMO_Geoportal_53 -->
  <testcase classname="Geo_Portal.Geoportal" name="NATMO_Geoportal_56" time="0.0">
    <ignored/>
  </testcase> <!-- NATMO_Geoportal_56 -->
  <testcase classname="Geo_Portal.Geoportal" name="NATMO_Geoportal_51" time="0.0">
    <ignored/>
  </testcase> <!-- NATMO_Geoportal_51 -->
  <testcase classname="Geo_Portal.Geoportal" name="NATMO_Geoportal_54" time="0.0">
    <ignored/>
  </testcase> <!-- NATMO_Geoportal_54 -->
  <testcase classname="Geo_Portal.Geoportal" name="NATMO_Geoportal_52" time="0.0">
    <ignored/>
  </testcase> <!-- NATMO_Geoportal_52 -->
  <testcase classname="Geo_Portal.Geoportal" name="NATMO_Geoportal_50" time="0.0">
    <ignored/>
  </testcase> <!-- NATMO_Geoportal_50 -->
  <testcase classname="Geo_Portal.Geoportal" name="NATMO_Geoportal_48" time="0.0">
    <ignored/>
  </testcase> <!-- NATMO_Geoportal_48 -->
  <testcase classname="Geo_Portal.Geoportal" name="NATMO_Geoportal_118" time="0.0">
    <ignored/>
  </testcase> <!-- NATMO_Geoportal_118 -->
  <testcase classname="Geo_Portal.Geoportal" name="NATMO_Geoportal_46" time="0.0">
    <ignored/>
  </testcase> <!-- NATMO_Geoportal_46 -->
  <testcase classname="Geo_Portal.Geoportal" name="NATMO_Geoportal_116" time="0.0">
    <ignored/>
  </testcase> <!-- NATMO_Geoportal_116 -->
  <testcase classname="Geo_Portal.Geoportal" name="NATMO_Geoportal_49" time="0.0">
    <ignored/>
  </testcase> <!-- NATMO_Geoportal_49 -->
  <testcase classname="Geo_Portal.Geoportal" name="NATMO_Geoportal_119" time="0.0">
    <ignored/>
  </testcase> <!-- NATMO_Geoportal_119 -->
  <testcase classname="Geo_Portal.Geoportal" name="NATMO_Geoportal_114" time="0.0">
    <ignored/>
  </testcase> <!-- NATMO_Geoportal_114 -->
  <testcase classname="Geo_Portal.Geoportal" name="NATMO_Geoportal_47" time="0.0">
    <ignored/>
  </testcase> <!-- NATMO_Geoportal_47 -->
  <testcase classname="Geo_Portal.Geoportal" name="NATMO_Geoportal_112" time="0.0">
    <ignored/>
  </testcase> <!-- NATMO_Geoportal_112 -->
  <testcase classname="Geo_Portal.Geoportal" name="NATMO_Geoportal_115" time="0.0">
    <ignored/>
  </testcase> <!-- NATMO_Geoportal_115 -->
  <testcase classname="Geo_Portal.Geoportal" name="NATMO_Geoportal_110" time="0.0">
    <ignored/>
  </testcase> <!-- NATMO_Geoportal_110 -->
  <testcase classname="Geo_Portal.Geoportal" name="NATMO_Geoportal_113" time="0.0">
    <ignored/>
  </testcase> <!-- NATMO_Geoportal_113 -->
  <testcase classname="Geo_Portal.Geoportal" name="NATMO_Geoportal_111" time="0.0">
    <ignored/>
  </testcase> <!-- NATMO_Geoportal_111 -->
  <testcase classname="Geo_Portal.Geoportal" name="NATMO_Geoportal_80" time="0.0">
    <ignored/>
  </testcase> <!-- NATMO_Geoportal_80 -->
  <testcase classname="Geo_Portal.Geoportal" name="NATMO_Geoportal_81" time="0.0">
    <ignored/>
  </testcase> <!-- NATMO_Geoportal_81 -->
  <testcase classname="Geo_Portal.Geoportal" name="NATMO_Geoportal_88" time="0.0">
    <ignored/>
  </testcase> <!-- NATMO_Geoportal_88 -->
  <testcase classname="Geo_Portal.Geoportal" name="NATMO_Geoportal_86" time="0.0">
    <ignored/>
  </testcase> <!-- NATMO_Geoportal_86 -->
  <testcase classname="Geo_Portal.Geoportal" name="NATMO_Geoportal_01" time="0.0">
    <ignored/>
  </testcase> <!-- NATMO_Geoportal_01 -->
  <testcase classname="Geo_Portal.Geoportal" name="NATMO_Geoportal_89" time="0.0">
    <ignored/>
  </testcase> <!-- NATMO_Geoportal_89 -->
  <testcase classname="Geo_Portal.Geoportal" name="NATMO_Geoportal_84" time="0.0">
    <ignored/>
  </testcase> <!-- NATMO_Geoportal_84 -->
  <testcase classname="Geo_Portal.Geoportal" name="NATMO_Geoportal_87" time="0.0">
    <ignored/>
  </testcase> <!-- NATMO_Geoportal_87 -->
  <testcase classname="Geo_Portal.Geoportal" name="NATMO_Geoportal_85" time="0.0">
    <ignored/>
  </testcase> <!-- NATMO_Geoportal_85 -->
  <testcase classname="Geo_Portal.Geoportal" name="NATMO_Geoportal_79" time="0.0">
    <ignored/>
  </testcase> <!-- NATMO_Geoportal_79 -->
</testsuite> <!-- Test -->
